{
  "RSpec": {
    "coverage": {
      "/Users/windsor/Documents/ruby/MVF-api/spec/app_spec.rb": [
        1,
        null,
        1,
        null,
        5,
        null,
        1,
        1,
        1,
        null,
        null,
        1,
        1,
        null,
        null,
        null,
        1,
        1,
        1,
        null,
        null,
        1,
        1,
        null,
        null,
        null,
        null
      ],
      "/Users/windsor/Documents/ruby/MVF-api/lib/app.rb": [
        1,
        null,
        1,
        1,
        null,
        1,
        4,
        4,
        null,
        null,
        1,
        103,
        null,
        null
      ]
    },
    "timestamp": 1519817285
  }
}
